Determining if the pthread_create exist failed with the following output:
Change Dir: /home/jose/Documents/6to_semestre/ROSpractices/ManipulatorsFeb2022-Students/04_03_2022/challenge/xarm_challenge/build/CMakeFiles/CMakeTmp

Run Build Command:"/usr/bin/make" "cmTC_e4caa/fast"
/usr/bin/make -f CMakeFiles/cmTC_e4caa.dir/build.make CMakeFiles/cmTC_e4caa.dir/build
make[1]: Entering directory '/home/jose/Documents/6to_semestre/ROSpractices/ManipulatorsFeb2022-Students/04_03_2022/challenge/xarm_challenge/build/CMakeFiles/CMakeTmp'
Building C object CMakeFiles/cmTC_e4caa.dir/CheckSymbolExists.c.o
/usr/bin/cc    -o CMakeFiles/cmTC_e4caa.dir/CheckSymbolExists.c.o   -c /home/jose/Documents/6to_semestre/ROSpractices/ManipulatorsFeb2022-Students/04_03_2022/challenge/xarm_challenge/build/CMakeFiles/CMakeTmp/CheckSymbolExists.c
Linking C executable cmTC_e4caa
/usr/bin/cmake -E cmake_link_script CMakeFiles/cmTC_e4caa.dir/link.txt --verbose=1
/usr/bin/cc      -rdynamic CMakeFiles/cmTC_e4caa.dir/CheckSymbolExists.c.o  -o cmTC_e4caa 
CMakeFiles/cmTC_e4caa.dir/CheckSymbolExists.c.o: In function `main':
CheckSymbolExists.c:(.text+0x1b): undefined reference to `pthread_create'
collect2: error: ld returned 1 exit status
CMakeFiles/cmTC_e4caa.dir/build.make:97: recipe for target 'cmTC_e4caa' failed
make[1]: *** [cmTC_e4caa] Error 1
make[1]: Leaving directory '/home/jose/Documents/6to_semestre/ROSpractices/ManipulatorsFeb2022-Students/04_03_2022/challenge/xarm_challenge/build/CMakeFiles/CMakeTmp'
Makefile:126: recipe for target 'cmTC_e4caa/fast' failed
make: *** [cmTC_e4caa/fast] Error 2

File /home/jose/Documents/6to_semestre/ROSpractices/ManipulatorsFeb2022-Students/04_03_2022/challenge/xarm_challenge/build/CMakeFiles/CMakeTmp/CheckSymbolExists.c:
/* */
#include <pthread.h>

int main(int argc, char** argv)
{
  (void)argv;
#ifndef pthread_create
  return ((int*)(&pthread_create))[argc];
#else
  (void)argc;
  return 0;
#endif
}

Determining if the function pthread_create exists in the pthreads failed with the following output:
Change Dir: /home/jose/Documents/6to_semestre/ROSpractices/ManipulatorsFeb2022-Students/04_03_2022/challenge/xarm_challenge/build/CMakeFiles/CMakeTmp

Run Build Command:"/usr/bin/make" "cmTC_28575/fast"
/usr/bin/make -f CMakeFiles/cmTC_28575.dir/build.make CMakeFiles/cmTC_28575.dir/build
make[1]: Entering directory '/home/jose/Documents/6to_semestre/ROSpractices/ManipulatorsFeb2022-Students/04_03_2022/challenge/xarm_challenge/build/CMakeFiles/CMakeTmp'
Building C object CMakeFiles/cmTC_28575.dir/CheckFunctionExists.c.o
/usr/bin/cc   -DCHECK_FUNCTION_EXISTS=pthread_create   -o CMakeFiles/cmTC_28575.dir/CheckFunctionExists.c.o   -c /usr/share/cmake-3.10/Modules/CheckFunctionExists.c
Linking C executable cmTC_28575
/usr/bin/cmake -E cmake_link_script CMakeFiles/cmTC_28575.dir/link.txt --verbose=1
/usr/bin/cc  -DCHECK_FUNCTION_EXISTS=pthread_create    -rdynamic CMakeFiles/cmTC_28575.dir/CheckFunctionExists.c.o  -o cmTC_28575 -lpthreads 
/usr/bin/ld: cannot find -lpthreads
collect2: error: ld returned 1 exit status
CMakeFiles/cmTC_28575.dir/build.make:97: recipe for target 'cmTC_28575' failed
make[1]: *** [cmTC_28575] Error 1
make[1]: Leaving directory '/home/jose/Documents/6to_semestre/ROSpractices/ManipulatorsFeb2022-Students/04_03_2022/challenge/xarm_challenge/build/CMakeFiles/CMakeTmp'
Makefile:126: recipe for target 'cmTC_28575/fast' failed
make: *** [cmTC_28575/fast] Error 2


